<?xml version="1.0" encoding="UTF-8"?>
<testsuite xmlns:xsi="http://www.w3.org/2001/XMLSchema-instance" xsi:noNamespaceSchemaLocation="https://maven.apache.org/surefire/maven-surefire-plugin/xsd/surefire-test-report.xsd" name="com.example.flink.AppTest" time="0.011" tests="1" errors="0" skipped="0" failures="0">
  <properties>
    <property name="gopherProxySet" value="false"/>
    <property name="awt.toolkit" value="sun.lwawt.macosx.LWCToolkit"/>
    <property name="java.specification.version" value="11"/>
    <property name="sun.cpu.isalist" value=""/>
    <property name="sun.jnu.encoding" value="UTF-8"/>
    <property name="java.class.path" value="/Users/adwivedi/Documents/Java/flink-job/target/test-classes:/Users/adwivedi/Documents/Java/flink-job/target/classes:/Users/adwivedi/.m2/repository/junit/junit/4.11/junit-4.11.jar:/Users/adwivedi/.m2/repository/org/hamcrest/hamcrest-core/1.3/hamcrest-core-1.3.jar:/Users/adwivedi/.m2/repository/org/apache/flink/flink-java/1.13.2/flink-java-1.13.2.jar:/Users/adwivedi/.m2/repository/org/apache/flink/flink-core/1.13.2/flink-core-1.13.2.jar:/Users/adwivedi/.m2/repository/org/apache/flink/flink-annotations/1.13.2/flink-annotations-1.13.2.jar:/Users/adwivedi/.m2/repository/org/apache/flink/flink-metrics-core/1.13.2/flink-metrics-core-1.13.2.jar:/Users/adwivedi/.m2/repository/org/apache/flink/flink-shaded-asm-7/7.1-13.0/flink-shaded-asm-7-7.1-13.0.jar:/Users/adwivedi/.m2/repository/com/esotericsoftware/kryo/kryo/2.24.0/kryo-2.24.0.jar:/Users/adwivedi/.m2/repository/com/esotericsoftware/minlog/minlog/1.2/minlog-1.2.jar:/Users/adwivedi/.m2/repository/org/objenesis/objenesis/2.1/objenesis-2.1.jar:/Users/adwivedi/.m2/repository/commons-collections/commons-collections/3.2.2/commons-collections-3.2.2.jar:/Users/adwivedi/.m2/repository/org/apache/commons/commons-compress/1.20/commons-compress-1.20.jar:/Users/adwivedi/.m2/repository/org/apache/commons/commons-lang3/3.3.2/commons-lang3-3.3.2.jar:/Users/adwivedi/.m2/repository/org/apache/commons/commons-math3/3.5/commons-math3-3.5.jar:/Users/adwivedi/.m2/repository/org/slf4j/slf4j-api/1.7.15/slf4j-api-1.7.15.jar:/Users/adwivedi/.m2/repository/com/google/code/findbugs/jsr305/1.3.9/jsr305-1.3.9.jar:/Users/adwivedi/.m2/repository/org/apache/flink/force-shading/1.13.2/force-shading-1.13.2.jar:/Users/adwivedi/.m2/repository/org/apache/flink/flink-streaming-java_2.12/1.13.2/flink-streaming-java_2.12-1.13.2.jar:/Users/adwivedi/.m2/repository/org/apache/flink/flink-file-sink-common/1.13.2/flink-file-sink-common-1.13.2.jar:/Users/adwivedi/.m2/repository/org/apache/flink/flink-runtime_2.12/1.13.2/flink-runtime_2.12-1.13.2.jar:/Users/adwivedi/.m2/repository/org/apache/flink/flink-queryable-state-client-java/1.13.2/flink-queryable-state-client-java-1.13.2.jar:/Users/adwivedi/.m2/repository/org/apache/flink/flink-hadoop-fs/1.13.2/flink-hadoop-fs-1.13.2.jar:/Users/adwivedi/.m2/repository/commons-io/commons-io/2.8.0/commons-io-2.8.0.jar:/Users/adwivedi/.m2/repository/org/apache/flink/flink-shaded-netty/4.1.49.Final-13.0/flink-shaded-netty-4.1.49.Final-13.0.jar:/Users/adwivedi/.m2/repository/org/apache/flink/flink-shaded-jackson/2.12.1-13.0/flink-shaded-jackson-2.12.1-13.0.jar:/Users/adwivedi/.m2/repository/org/apache/flink/flink-shaded-zookeeper-3/3.4.14-13.0/flink-shaded-zookeeper-3-3.4.14-13.0.jar:/Users/adwivedi/.m2/repository/commons-cli/commons-cli/1.3.1/commons-cli-1.3.1.jar:/Users/adwivedi/.m2/repository/org/javassist/javassist/3.24.0-GA/javassist-3.24.0-GA.jar:/Users/adwivedi/.m2/repository/org/scala-lang/scala-library/2.12.7/scala-library-2.12.7.jar:/Users/adwivedi/.m2/repository/com/typesafe/akka/akka-actor_2.12/2.5.21/akka-actor_2.12-2.5.21.jar:/Users/adwivedi/.m2/repository/com/typesafe/config/1.3.3/config-1.3.3.jar:/Users/adwivedi/.m2/repository/org/scala-lang/modules/scala-java8-compat_2.12/0.8.0/scala-java8-compat_2.12-0.8.0.jar:/Users/adwivedi/.m2/repository/com/typesafe/akka/akka-stream_2.12/2.5.21/akka-stream_2.12-2.5.21.jar:/Users/adwivedi/.m2/repository/org/reactivestreams/reactive-streams/1.0.2/reactive-streams-1.0.2.jar:/Users/adwivedi/.m2/repository/com/typesafe/ssl-config-core_2.12/0.3.7/ssl-config-core_2.12-0.3.7.jar:/Users/adwivedi/.m2/repository/org/scala-lang/modules/scala-parser-combinators_2.12/1.1.1/scala-parser-combinators_2.12-1.1.1.jar:/Users/adwivedi/.m2/repository/com/typesafe/akka/akka-protobuf_2.12/2.5.21/akka-protobuf_2.12-2.5.21.jar:/Users/adwivedi/.m2/repository/com/typesafe/akka/akka-slf4j_2.12/2.5.21/akka-slf4j_2.12-2.5.21.jar:/Users/adwivedi/.m2/repository/org/clapper/grizzled-slf4j_2.12/1.3.2/grizzled-slf4j_2.12-1.3.2.jar:/Users/adwivedi/.m2/repository/com/github/scopt/scopt_2.12/3.5.0/scopt_2.12-3.5.0.jar:/Users/adwivedi/.m2/repository/org/xerial/snappy/snappy-java/1.1.8.3/snappy-java-1.1.8.3.jar:/Users/adwivedi/.m2/repository/com/twitter/chill_2.12/0.7.6/chill_2.12-0.7.6.jar:/Users/adwivedi/.m2/repository/com/twitter/chill-java/0.7.6/chill-java-0.7.6.jar:/Users/adwivedi/.m2/repository/org/lz4/lz4-java/1.6.0/lz4-java-1.6.0.jar:/Users/adwivedi/.m2/repository/org/apache/flink/flink-shaded-guava/18.0-13.0/flink-shaded-guava-18.0-13.0.jar:/Users/adwivedi/.m2/repository/org/apache/flink/flink-connector-kafka_2.12/1.13.2/flink-connector-kafka_2.12-1.13.2.jar:/Users/adwivedi/.m2/repository/org/apache/kafka/kafka-clients/2.4.1/kafka-clients-2.4.1.jar:/Users/adwivedi/.m2/repository/com/github/luben/zstd-jni/1.4.3-1/zstd-jni-1.4.3-1.jar:/Users/adwivedi/.m2/repository/org/apache/flink/flink-connector-base/1.13.2/flink-connector-base-1.13.2.jar:"/>
    <property name="java.vm.vendor" value="Homebrew"/>
    <property name="sun.arch.data.model" value="64"/>
    <property name="java.vendor.url" value="https://github.com/Homebrew/homebrew-core/issues"/>
    <property name="user.timezone" value=""/>
    <property name="java.vm.specification.version" value="11"/>
    <property name="os.name" value="Mac OS X"/>
    <property name="sun.java.launcher" value="SUN_STANDARD"/>
    <property name="user.country" value="IN"/>
    <property name="sun.boot.library.path" value="/opt/homebrew/Cellar/openjdk@11/11.0.25/libexec/openjdk.jdk/Contents/Home/lib"/>
    <property name="sun.java.command" value="/Users/adwivedi/Documents/Java/flink-job/target/surefire/surefirebooter15164084394969567899.jar /Users/adwivedi/Documents/Java/flink-job/target/surefire 2024-10-23T14-20-56_811-jvmRun1 surefire14299959727896861216tmp surefire_0170109637420561573tmp"/>
    <property name="http.nonProxyHosts" value="local|*.local|169.254/16|*.169.254/16"/>
    <property name="jdk.debug" value="release"/>
    <property name="surefire.test.class.path" value="/Users/adwivedi/Documents/Java/flink-job/target/test-classes:/Users/adwivedi/Documents/Java/flink-job/target/classes:/Users/adwivedi/.m2/repository/junit/junit/4.11/junit-4.11.jar:/Users/adwivedi/.m2/repository/org/hamcrest/hamcrest-core/1.3/hamcrest-core-1.3.jar:/Users/adwivedi/.m2/repository/org/apache/flink/flink-java/1.13.2/flink-java-1.13.2.jar:/Users/adwivedi/.m2/repository/org/apache/flink/flink-core/1.13.2/flink-core-1.13.2.jar:/Users/adwivedi/.m2/repository/org/apache/flink/flink-annotations/1.13.2/flink-annotations-1.13.2.jar:/Users/adwivedi/.m2/repository/org/apache/flink/flink-metrics-core/1.13.2/flink-metrics-core-1.13.2.jar:/Users/adwivedi/.m2/repository/org/apache/flink/flink-shaded-asm-7/7.1-13.0/flink-shaded-asm-7-7.1-13.0.jar:/Users/adwivedi/.m2/repository/com/esotericsoftware/kryo/kryo/2.24.0/kryo-2.24.0.jar:/Users/adwivedi/.m2/repository/com/esotericsoftware/minlog/minlog/1.2/minlog-1.2.jar:/Users/adwivedi/.m2/repository/org/objenesis/objenesis/2.1/objenesis-2.1.jar:/Users/adwivedi/.m2/repository/commons-collections/commons-collections/3.2.2/commons-collections-3.2.2.jar:/Users/adwivedi/.m2/repository/org/apache/commons/commons-compress/1.20/commons-compress-1.20.jar:/Users/adwivedi/.m2/repository/org/apache/commons/commons-lang3/3.3.2/commons-lang3-3.3.2.jar:/Users/adwivedi/.m2/repository/org/apache/commons/commons-math3/3.5/commons-math3-3.5.jar:/Users/adwivedi/.m2/repository/org/slf4j/slf4j-api/1.7.15/slf4j-api-1.7.15.jar:/Users/adwivedi/.m2/repository/com/google/code/findbugs/jsr305/1.3.9/jsr305-1.3.9.jar:/Users/adwivedi/.m2/repository/org/apache/flink/force-shading/1.13.2/force-shading-1.13.2.jar:/Users/adwivedi/.m2/repository/org/apache/flink/flink-streaming-java_2.12/1.13.2/flink-streaming-java_2.12-1.13.2.jar:/Users/adwivedi/.m2/repository/org/apache/flink/flink-file-sink-common/1.13.2/flink-file-sink-common-1.13.2.jar:/Users/adwivedi/.m2/repository/org/apache/flink/flink-runtime_2.12/1.13.2/flink-runtime_2.12-1.13.2.jar:/Users/adwivedi/.m2/repository/org/apache/flink/flink-queryable-state-client-java/1.13.2/flink-queryable-state-client-java-1.13.2.jar:/Users/adwivedi/.m2/repository/org/apache/flink/flink-hadoop-fs/1.13.2/flink-hadoop-fs-1.13.2.jar:/Users/adwivedi/.m2/repository/commons-io/commons-io/2.8.0/commons-io-2.8.0.jar:/Users/adwivedi/.m2/repository/org/apache/flink/flink-shaded-netty/4.1.49.Final-13.0/flink-shaded-netty-4.1.49.Final-13.0.jar:/Users/adwivedi/.m2/repository/org/apache/flink/flink-shaded-jackson/2.12.1-13.0/flink-shaded-jackson-2.12.1-13.0.jar:/Users/adwivedi/.m2/repository/org/apache/flink/flink-shaded-zookeeper-3/3.4.14-13.0/flink-shaded-zookeeper-3-3.4.14-13.0.jar:/Users/adwivedi/.m2/repository/commons-cli/commons-cli/1.3.1/commons-cli-1.3.1.jar:/Users/adwivedi/.m2/repository/org/javassist/javassist/3.24.0-GA/javassist-3.24.0-GA.jar:/Users/adwivedi/.m2/repository/org/scala-lang/scala-library/2.12.7/scala-library-2.12.7.jar:/Users/adwivedi/.m2/repository/com/typesafe/akka/akka-actor_2.12/2.5.21/akka-actor_2.12-2.5.21.jar:/Users/adwivedi/.m2/repository/com/typesafe/config/1.3.3/config-1.3.3.jar:/Users/adwivedi/.m2/repository/org/scala-lang/modules/scala-java8-compat_2.12/0.8.0/scala-java8-compat_2.12-0.8.0.jar:/Users/adwivedi/.m2/repository/com/typesafe/akka/akka-stream_2.12/2.5.21/akka-stream_2.12-2.5.21.jar:/Users/adwivedi/.m2/repository/org/reactivestreams/reactive-streams/1.0.2/reactive-streams-1.0.2.jar:/Users/adwivedi/.m2/repository/com/typesafe/ssl-config-core_2.12/0.3.7/ssl-config-core_2.12-0.3.7.jar:/Users/adwivedi/.m2/repository/org/scala-lang/modules/scala-parser-combinators_2.12/1.1.1/scala-parser-combinators_2.12-1.1.1.jar:/Users/adwivedi/.m2/repository/com/typesafe/akka/akka-protobuf_2.12/2.5.21/akka-protobuf_2.12-2.5.21.jar:/Users/adwivedi/.m2/repository/com/typesafe/akka/akka-slf4j_2.12/2.5.21/akka-slf4j_2.12-2.5.21.jar:/Users/adwivedi/.m2/repository/org/clapper/grizzled-slf4j_2.12/1.3.2/grizzled-slf4j_2.12-1.3.2.jar:/Users/adwivedi/.m2/repository/com/github/scopt/scopt_2.12/3.5.0/scopt_2.12-3.5.0.jar:/Users/adwivedi/.m2/repository/org/xerial/snappy/snappy-java/1.1.8.3/snappy-java-1.1.8.3.jar:/Users/adwivedi/.m2/repository/com/twitter/chill_2.12/0.7.6/chill_2.12-0.7.6.jar:/Users/adwivedi/.m2/repository/com/twitter/chill-java/0.7.6/chill-java-0.7.6.jar:/Users/adwivedi/.m2/repository/org/lz4/lz4-java/1.6.0/lz4-java-1.6.0.jar:/Users/adwivedi/.m2/repository/org/apache/flink/flink-shaded-guava/18.0-13.0/flink-shaded-guava-18.0-13.0.jar:/Users/adwivedi/.m2/repository/org/apache/flink/flink-connector-kafka_2.12/1.13.2/flink-connector-kafka_2.12-1.13.2.jar:/Users/adwivedi/.m2/repository/org/apache/kafka/kafka-clients/2.4.1/kafka-clients-2.4.1.jar:/Users/adwivedi/.m2/repository/com/github/luben/zstd-jni/1.4.3-1/zstd-jni-1.4.3-1.jar:/Users/adwivedi/.m2/repository/org/apache/flink/flink-connector-base/1.13.2/flink-connector-base-1.13.2.jar:"/>
    <property name="sun.cpu.endian" value="little"/>
    <property name="user.home" value="/Users/adwivedi"/>
    <property name="user.language" value="en"/>
    <property name="java.specification.vendor" value="Oracle Corporation"/>
    <property name="java.version.date" value="2024-10-15"/>
    <property name="java.home" value="/opt/homebrew/Cellar/openjdk@11/11.0.25/libexec/openjdk.jdk/Contents/Home"/>
    <property name="file.separator" value="/"/>
    <property name="basedir" value="/Users/adwivedi/Documents/Java/flink-job"/>
    <property name="java.vm.compressedOopsMode" value="Zero based"/>
    <property name="line.separator" value="&#10;"/>
    <property name="java.specification.name" value="Java Platform API Specification"/>
    <property name="java.vm.specification.vendor" value="Oracle Corporation"/>
    <property name="java.awt.graphicsenv" value="sun.awt.CGraphicsEnvironment"/>
    <property name="surefire.real.class.path" value="/Users/adwivedi/Documents/Java/flink-job/target/surefire/surefirebooter15164084394969567899.jar"/>
    <property name="sun.management.compiler" value="HotSpot 64-Bit Tiered Compilers"/>
    <property name="ftp.nonProxyHosts" value="local|*.local|169.254/16|*.169.254/16"/>
    <property name="java.runtime.version" value="11.0.25+0"/>
    <property name="user.name" value="adwivedi"/>
    <property name="path.separator" value=":"/>
    <property name="os.version" value="14.6.1"/>
    <property name="java.runtime.name" value="OpenJDK Runtime Environment"/>
    <property name="file.encoding" value="UTF-8"/>
    <property name="java.vm.name" value="OpenJDK 64-Bit Server VM"/>
    <property name="java.vendor.version" value="Homebrew"/>
    <property name="localRepository" value="/Users/adwivedi/.m2/repository"/>
    <property name="java.vendor.url.bug" value="https://github.com/Homebrew/homebrew-core/issues"/>
    <property name="java.io.tmpdir" value="/var/folders/xk/rz9dwfbd6dd51vm92m5z9hd80000gn/T/"/>
    <property name="java.version" value="11.0.25"/>
    <property name="user.dir" value="/Users/adwivedi/Documents/Java/flink-job"/>
    <property name="os.arch" value="aarch64"/>
    <property name="java.vm.specification.name" value="Java Virtual Machine Specification"/>
    <property name="java.awt.printerjob" value="sun.lwawt.macosx.CPrinterJob"/>
    <property name="sun.os.patch.level" value="unknown"/>
    <property name="java.library.path" value="/Users/adwivedi/Library/Java/Extensions:/Library/Java/Extensions:/Network/Library/Java/Extensions:/System/Library/Java/Extensions:/usr/lib/java:."/>
    <property name="java.vm.info" value="mixed mode"/>
    <property name="java.vendor" value="Homebrew"/>
    <property name="java.vm.version" value="11.0.25+0"/>
    <property name="java.specification.maintenance.version" value="3"/>
    <property name="sun.io.unicode.encoding" value="UnicodeBig"/>
    <property name="java.class.version" value="55.0"/>
    <property name="socksNonProxyHosts" value="local|*.local|169.254/16|*.169.254/16"/>
  </properties>
  <testcase name="shouldAnswerWithTrue" classname="com.example.flink.AppTest" time="0.001"/>
</testsuite>